#
# There is insufficient memory for the Java Runtime Environment to continue.
# Native memory allocation (malloc) failed to allocate 166576 bytes for Chunk::new
# Possible reasons:
#   The system is out of physical RAM or swap space
#   In 32 bit mode, the process size limit was hit
# Possible solutions:
#   Reduce memory load on the system
#   Increase physical memory or swap space
#   Check if swap backing store is full
#   Use 64 bit Java on a 64 bit OS
#   Decrease Java heap size (-Xmx/-Xms)
#   Decrease number of Java threads
#   Decrease Java thread stack sizes (-Xss)
#   Set larger code cache with -XX:ReservedCodeCacheSize=
# This output file may be truncated or incomplete.
#
#  Out of Memory Error (allocation.cpp:390), pid=15248, tid=0x00000000000039dc
#
# JRE version: Java(TM) SE Runtime Environment (8.0_181-b13) (build 1.8.0_181-b13)
# Java VM: Java HotSpot(TM) 64-Bit Server VM (25.181-b13 mixed mode windows-amd64 compressed oops)
# Failed to write core dump. Minidumps are not enabled by default on client versions of Windows
#

---------------  T H R E A D  ---------------

Current thread (0x0000000017af9000):  JavaThread "C2 CompilerThread1" daemon [_thread_in_native, id=14812, stack(0x000000001a680000,0x000000001a780000)]

Stack: [0x000000001a680000,0x000000001a780000]
[error occurred during error reporting (printing stack bounds), id 0xc0000005]

Native frames: (J=compiled Java code, j=interpreted, Vv=VM code, C=native code)


Current CompileTask:
C2:    664  744   !   4       sun.misc.URLClassPath$JarLoader::getResource (85 bytes)


---------------  P R O C E S S  ---------------

Java Threads: ( => current thread )
  0x0000000021dc5800 JavaThread "Prism Font Disposer" daemon [_thread_blocked, id=9572, stack(0x0000000024af0000,0x0000000024bf0000)]
  0x0000000021d88800 JavaThread "Thread-3" daemon [_thread_in_native, id=2992, stack(0x00000000224c0000,0x00000000225c0000)]
  0x000000001ac56800 JavaThread "JavaFX-Launcher" [_thread_blocked, id=9064, stack(0x00000000225c0000,0x00000000226c0000)]
  0x000000001ac32000 JavaThread "JavaFX Application Thread" [_thread_in_vm, id=4240, stack(0x000000001b340000,0x000000001b440000)]
  0x000000001ac21000 JavaThread "Thread-1" daemon [_thread_blocked, id=8276, stack(0x000000001b240000,0x000000001b340000)]
  0x000000001ac09000 JavaThread "QuantumRenderer-0" daemon [_thread_blocked, id=13980, stack(0x000000001aeb0000,0x000000001afb0000)]
  0x0000000017b4d800 JavaThread "Service Thread" daemon [_thread_blocked, id=11836, stack(0x000000001ac80000,0x000000001ad80000)]
  0x0000000017aff000 JavaThread "C1 CompilerThread2" daemon [_thread_blocked, id=15312, stack(0x000000001a780000,0x000000001a880000)]
=>0x0000000017af9000 JavaThread "C2 CompilerThread1" daemon [_thread_in_native, id=14812, stack(0x000000001a680000,0x000000001a780000)]
  0x0000000017aef000 JavaThread "C2 CompilerThread0" daemon [_thread_blocked, id=14396, stack(0x000000001a580000,0x000000001a680000)]
  0x0000000017aeb000 JavaThread "Attach Listener" daemon [_thread_blocked, id=3916, stack(0x000000001a480000,0x000000001a580000)]
  0x0000000017af7800 JavaThread "Signal Dispatcher" daemon [_thread_blocked, id=15240, stack(0x000000001a380000,0x000000001a480000)]
  0x000000000301c000 JavaThread "Finalizer" daemon [_thread_blocked, id=15076, stack(0x0000000018d40000,0x0000000018e40000)]
  0x0000000003011000 JavaThread "Reference Handler" daemon [_thread_blocked, id=15208, stack(0x0000000018c40000,0x0000000018d40000)]
  0x0000000002f22800 JavaThread "main" [_thread_blocked, id=2248, stack(0x0000000002e20000,0x0000000002f20000)]

Other Threads:
  0x0000000017ab8000 VMThread [stack: 0x0000000018b40000,0x0000000018c40000] [id=7876]
  0x000000001a8d4800 WatcherThread [stack: 0x000000001ad80000,0x000000001ae80000] [id=13072]

VM state:not at safepoint (normal execution)

VM Mutex/Monitor currently owned by a thread: None

Heap:
 PSYoungGen      total 37888K, used 22889K [0x00000000d6100000, 0x00000000d8b00000, 0x0000000100000000)
  eden space 32768K, 69% used [0x00000000d6100000,0x00000000d775a7a0,0x00000000d8100000)
  from space 5120K, 0% used [0x00000000d8600000,0x00000000d8600000,0x00000000d8b00000)
  to   space 5120K, 0% used [0x00000000d8100000,0x00000000d8100000,0x00000000d8600000)
 ParOldGen       total 86016K, used 0K [0x0000000082200000, 0x0000000087600000, 0x00000000d6100000)
  object space 86016K, 0% used [0x0000000082200000,0x0000000082200000,0x0000000087600000)
 Metaspace       used 11189K, capacity 11650K, committed 11776K, reserved 1058816K
  class space    used 1541K, capacity 1700K, committed 1792K, reserved 1048576K

Card table byte_map: [0x00000000123e0000,0x00000000127d0000] byte_map_base: 0x0000000011fcf000

Marking Bits: (ParMarkBitMap*) 0x0000000063c82d00
 Begin Bits: [0x0000000012e70000, 0x0000000014de8000)
 End Bits:   [0x0000000014de8000, 0x0000000016d60000)

Polling page: 0x0000000000f90000

CodeCache: size=245760Kb used=2978Kb max_used=2990Kb free=242781Kb
 bounds [0x0000000003020000, 0x0000000003310000, 0x0000000012020000]
 total_blobs=1288 nmethods=751 adapters=450
 compilation: enabled

Compilation events (10 events):
Event: 0.600 Thread 0x0000000017aef000 nmethod 746 0x0000000003309610 code [0x0000000003309740, 0x0000000003309818]
Event: 0.600 Thread 0x0000000017aef000  748       4       com.sun.javafx.font.FontFileReader$Buffer::getChar (45 bytes)
Event: 0.601 Thread 0x0000000017aef000 nmethod 748 0x0000000003309090 code [0x00000000033091c0, 0x0000000003309298]
Event: 0.601 Thread 0x0000000017aef000  749       4       java.lang.String::equalsIgnoreCase (48 bytes)
Event: 0.602 Thread 0x0000000017aff000  750       3       java.lang.StringBuffer::<init> (7 bytes)
Event: 0.602 Thread 0x0000000017aff000 nmethod 750 0x00000000033077d0 code [0x0000000003307940, 0x0000000003307bf0]
Event: 0.602 Thread 0x0000000017aff000  751       3       sun.reflect.ClassFileAssembler::emitByte (11 bytes)
Event: 0.602 Thread 0x0000000017aff000 nmethod 751 0x0000000003305990 code [0x0000000003305b00, 0x0000000003305cc8]
Event: 0.602 Thread 0x0000000017aff000  752       3       sun.reflect.ByteVectorImpl::add (38 bytes)
Event: 0.603 Thread 0x0000000017aff000 nmethod 752 0x00000000033054d0 code [0x0000000003305640, 0x0000000003305868]

GC Heap History (0 events):
No events

Deoptimization events (10 events):
Event: 0.422 Thread 0x000000001ac32000 Uncommon trap: reason=unstable_if action=reinterpret pc=0x0000000003291df8 method=java.util.HashMap.getNode(ILjava/lang/Object;)Ljava/util/HashMap$Node; @ 62
Event: 0.503 Thread 0x000000001ac32000 Uncommon trap: reason=unstable_if action=reinterpret pc=0x00000000032a9d0c method=sun.net.www.ParseUtil.encodePath(Ljava/lang/String;Z)Ljava/lang/String; @ 109
Event: 0.558 Thread 0x000000001ac32000 Uncommon trap: reason=class_check action=maybe_recompile pc=0x0000000003280ca0 method=java.io.DataInputStream.readShort()S @ 4
Event: 0.558 Thread 0x000000001ac32000 Uncommon trap: reason=class_check action=maybe_recompile pc=0x0000000003280ca0 method=java.io.DataInputStream.readShort()S @ 4
Event: 0.558 Thread 0x000000001ac32000 Uncommon trap: reason=class_check action=maybe_recompile pc=0x0000000003280ca0 method=java.io.DataInputStream.readShort()S @ 4
Event: 0.558 Thread 0x000000001ac32000 Uncommon trap: reason=class_check action=maybe_recompile pc=0x0000000003280ca0 method=java.io.DataInputStream.readShort()S @ 4
Event: 0.563 Thread 0x000000001ac32000 Uncommon trap: reason=class_check action=maybe_recompile pc=0x0000000003142128 method=java.lang.String.equals(Ljava/lang/Object;)Z @ 8
Event: 0.563 Thread 0x000000001ac32000 Uncommon trap: reason=class_check action=maybe_recompile pc=0x0000000003142128 method=java.lang.String.equals(Ljava/lang/Object;)Z @ 8
Event: 0.563 Thread 0x000000001ac32000 Uncommon trap: reason=class_check action=maybe_recompile pc=0x0000000003142128 method=java.lang.String.equals(Ljava/lang/Object;)Z @ 8
Event: 0.565 Thread 0x000000001ac32000 Uncommon trap: reason=class_check action=maybe_recompile pc=0x0000000003142128 method=java.lang.String.equals(Ljava/lang/Object;)Z @ 8

Classes redefined (0 events):
No events

Internal exceptions (10 events):
Event: 0.031 Thread 0x0000000002f22800 Exception <a 'java/lang/NoSuchMethodError': Method sun.misc.Unsafe.prefetchRead(Ljava/lang/Object;J)V name or signature does not match> (0x00000000d6107f98) thrown at [C:\re\workspace\8-2-build-windows-amd64-cygwin\jdk8u181\11358\hotspot\src\share\vm\prim
Event: 0.121 Thread 0x0000000002f22800 Exception <a 'java/lang/NoSuchFieldError': method resolution failed> (0x00000000d6334350) thrown at [C:\re\workspace\8-2-build-windows-amd64-cygwin\jdk8u181\11358\hotspot\src\share\vm\prims\methodHandles.cpp, line 1167]
Event: 0.122 Thread 0x0000000002f22800 Exception <a 'java/lang/NoSuchFieldError': method resolution failed> (0x00000000d63416d0) thrown at [C:\re\workspace\8-2-build-windows-amd64-cygwin\jdk8u181\11358\hotspot\src\share\vm\prims\methodHandles.cpp, line 1167]
Event: 0.137 Thread 0x0000000002f22800 Exception <a 'java/security/PrivilegedActionException'> (0x00000000d63c9f70) thrown at [C:\re\workspace\8-2-build-windows-amd64-cygwin\jdk8u181\11358\hotspot\src\share\vm\prims\jvm.cpp, line 1435]
Event: 0.137 Thread 0x0000000002f22800 Exception <a 'java/security/PrivilegedActionException'> (0x00000000d63ca180) thrown at [C:\re\workspace\8-2-build-windows-amd64-cygwin\jdk8u181\11358\hotspot\src\share\vm\prims\jvm.cpp, line 1435]
Event: 0.137 Thread 0x0000000002f22800 Exception <a 'java/security/PrivilegedActionException'> (0x00000000d63cddf0) thrown at [C:\re\workspace\8-2-build-windows-amd64-cygwin\jdk8u181\11358\hotspot\src\share\vm\prims\jvm.cpp, line 1435]
Event: 0.137 Thread 0x0000000002f22800 Exception <a 'java/security/PrivilegedActionException'> (0x00000000d63ce000) thrown at [C:\re\workspace\8-2-build-windows-amd64-cygwin\jdk8u181\11358\hotspot\src\share\vm\prims\jvm.cpp, line 1435]
Event: 0.138 Thread 0x0000000002f22800 Exception <a 'java/lang/NullPointerException'> (0x00000000d63ce5d8) thrown at [C:\re\workspace\8-2-build-windows-amd64-cygwin\jdk8u181\11358\hotspot\src\share\vm\interpreter\linkResolver.cpp, line 1185]
Event: 0.353 Thread 0x000000001ac32000 Exception <a 'java/lang/NullPointerException'> (0x00000000d6cad498) thrown at [C:\re\workspace\8-2-build-windows-amd64-cygwin\jdk8u181\11358\hotspot\src\share\vm\interpreter\linkResolver.cpp, line 1185]
Event: 0.353 Thread 0x000000001ac32000 Exception <a 'java/lang/NullPointerException'> (0x00000000d6cad498) thrown at [C:\re\workspace\8-2-build-windows-amd64-cygwin\jdk8u181\11358\hotspot\src\share\vm\prims\jvm.cpp, line 1439]

Events (10 events):
Event: 0.605 loading class com/sun/javafx/font/directwrite/D2D1_MATRIX_3X2_F
Event: 0.605 loading class com/sun/javafx/font/directwrite/D2D1_MATRIX_3X2_F done
Event: 0.605 loading class com/sun/javafx/font/directwrite/RECT
Event: 0.605 loading class com/sun/javafx/font/directwrite/RECT done
Event: 0.605 loading class com/sun/javafx/font/directwrite/DWRITE_GLYPH_RUN
Event: 0.605 loading class com/sun/javafx/font/directwrite/DWRITE_GLYPH_RUN done
Event: 0.606 loading class com/sun/javafx/scene/control/behavior/TextBinding
Event: 0.606 loading class com/sun/javafx/scene/control/behavior/TextBinding done
Event: 0.606 loading class com/sun/javafx/scene/control/behavior/TextBinding$MnemonicKeyCombination
Event: 0.606 loading class com/sun/javafx/scene/control/behavior/TextBinding$MnemonicKeyCombination done


Dynamic libraries:
0x00007ff74b270000 - 0x00007ff74b2a7000 	C:\Program Files\Java\jre1.8.0_181\bin\javaw.exe
0x00007ff8fe7e0000 - 0x00007ff8fe9bb000 	C:\Windows\SYSTEM32\ntdll.dll
0x00007ff8fbf30000 - 0x00007ff8fbfde000 	C:\Windows\System32\KERNEL32.DLL
0x00007ff8fb8c0000 - 0x00007ff8fbb0a000 	C:\Windows\System32\KERNELBASE.dll
0x00007ff8fcd00000 - 0x00007ff8fcda1000 	C:\Windows\System32\ADVAPI32.dll
0x00007ff8fc100000 - 0x00007ff8fc19d000 	C:\Windows\System32\msvcrt.dll
0x00007ff8fe780000 - 0x00007ff8fe7d9000 	C:\Windows\System32\sechost.dll
0x00007ff8fbd40000 - 0x00007ff8fbe65000 	C:\Windows\System32\RPCRT4.dll
0x00007ff8fcf50000 - 0x00007ff8fd09a000 	C:\Windows\System32\USER32.dll
0x00007ff8fada0000 - 0x00007ff8fadbe000 	C:\Windows\System32\win32u.dll
0x00007ff8fd0a0000 - 0x00007ff8fd0c7000 	C:\Windows\System32\GDI32.dll
0x00007ff8fb530000 - 0x00007ff8fb6b8000 	C:\Windows\System32\gdi32full.dll
0x00007ff8fad00000 - 0x00007ff8fad9a000 	C:\Windows\System32\msvcp_win.dll
0x00007ff8fb770000 - 0x00007ff8fb866000 	C:\Windows\System32\ucrtbase.dll
0x00007ff8ef5e0000 - 0x00007ff8ef847000 	C:\Windows\WinSxS\amd64_microsoft.windows.common-controls_6595b64144ccf1df_6.0.15063.1155_none_40c7922129a7722b\COMCTL32.dll
0x00007ff8fc960000 - 0x00007ff8fcc59000 	C:\Windows\System32\combase.dll
0x00007ff8fadc0000 - 0x00007ff8fae2a000 	C:\Windows\System32\bcryptPrimitives.dll
0x00007ff8fe750000 - 0x00007ff8fe77d000 	C:\Windows\System32\IMM32.DLL
0x00007ff8d7be0000 - 0x00007ff8d7c8f000 	C:\Program Files\McAfee\Endpoint Security\Threat Prevention\Ips\EpMPApi.dll
0x00007ff8fbce0000 - 0x00007ff8fbd37000 	C:\Windows\System32\WINTRUST.dll
0x00007ff8fac70000 - 0x00007ff8fac81000 	C:\Windows\System32\MSASN1.dll
0x00007ff8fbb10000 - 0x00007ff8fbcd9000 	C:\Windows\System32\CRYPT32.dll
0x0000000064020000 - 0x000000006402c000 	C:\Program Files\McAfee\Endpoint Security\Threat Prevention\Ips\EpMPThe.dll
0x0000000062660000 - 0x0000000062732000 	C:\Program Files\Java\jre1.8.0_181\bin\msvcr100.dll
0x0000000063460000 - 0x0000000063d02000 	C:\Program Files\Java\jre1.8.0_181\bin\server\jvm.dll
0x00007ff8fc7b0000 - 0x00007ff8fc7b8000 	C:\Windows\System32\PSAPI.DLL
0x00007ff8f8f70000 - 0x00007ff8f8f93000 	C:\Windows\SYSTEM32\WINMM.dll
0x00007ff8ebdd0000 - 0x00007ff8ebdda000 	C:\Windows\SYSTEM32\VERSION.dll
0x00007ff8f8f10000 - 0x00007ff8f8f3b000 	C:\Windows\SYSTEM32\WINMMBASE.dll
0x00007ff8fb870000 - 0x00007ff8fb8b9000 	C:\Windows\System32\cfgmgr32.dll
0x00007ff8e8bc0000 - 0x00007ff8e8bc9000 	C:\Windows\SYSTEM32\WSOCK32.dll
0x00007ff8fc7c0000 - 0x00007ff8fc82c000 	C:\Windows\System32\WS2_32.dll
0x0000000063450000 - 0x000000006345f000 	C:\Program Files\Java\jre1.8.0_181\bin\verify.dll
0x0000000063420000 - 0x0000000063449000 	C:\Program Files\Java\jre1.8.0_181\bin\java.dll
0x0000000063400000 - 0x0000000063416000 	C:\Program Files\Java\jre1.8.0_181\bin\zip.dll
0x0000000018f40000 - 0x000000001a378000 	C:\Windows\System32\SHELL32.dll
0x00007ff8fc830000 - 0x00007ff8fc8da000 	C:\Windows\System32\shcore.dll
0x00007ff8fae30000 - 0x00007ff8fb521000 	C:\Windows\System32\windows.storage.dll
0x00007ff8fbe70000 - 0x00007ff8fbec1000 	C:\Windows\System32\shlwapi.dll
0x00007ff8face0000 - 0x00007ff8facf1000 	C:\Windows\System32\kernel.appcore.dll
0x00007ff8fac90000 - 0x00007ff8facdc000 	C:\Windows\System32\powrprof.dll
0x00007ff8fac50000 - 0x00007ff8fac65000 	C:\Windows\System32\profapi.dll
0x0000000001400000 - 0x0000000001403000 	C:\Program Files\Java\jre1.8.0_181\bin\api-ms-win-core-console-l1-1-0.dll
0x0000000001410000 - 0x0000000001413000 	C:\Program Files\Java\jre1.8.0_181\bin\api-ms-win-core-datetime-l1-1-0.dll
0x0000000001420000 - 0x0000000001423000 	C:\Program Files\Java\jre1.8.0_181\bin\api-ms-win-core-debug-l1-1-0.dll
0x0000000001430000 - 0x0000000001433000 	C:\Program Files\Java\jre1.8.0_181\bin\api-ms-win-core-errorhandling-l1-1-0.dll
0x0000000001440000 - 0x0000000001444000 	C:\Program Files\Java\jre1.8.0_181\bin\api-ms-win-core-file-l1-1-0.dll
0x0000000001450000 - 0x0000000001453000 	C:\Program Files\Java\jre1.8.0_181\bin\api-ms-win-core-file-l1-2-0.dll
0x0000000001460000 - 0x0000000001463000 	C:\Program Files\Java\jre1.8.0_181\bin\api-ms-win-core-file-l2-1-0.dll
0x0000000001470000 - 0x0000000001473000 	C:\Program Files\Java\jre1.8.0_181\bin\api-ms-win-core-handle-l1-1-0.dll
0x0000000001480000 - 0x0000000001483000 	C:\Program Files\Java\jre1.8.0_181\bin\api-ms-win-core-heap-l1-1-0.dll
0x0000000001490000 - 0x0000000001493000 	C:\Program Files\Java\jre1.8.0_181\bin\api-ms-win-core-interlocked-l1-1-0.dll
0x00000000014a0000 - 0x00000000014a3000 	C:\Program Files\Java\jre1.8.0_181\bin\api-ms-win-core-libraryloader-l1-1-0.dll
0x00000000014b0000 - 0x00000000014b3000 	C:\Program Files\Java\jre1.8.0_181\bin\api-ms-win-core-localization-l1-2-0.dll
0x00000000014c0000 - 0x00000000014c3000 	C:\Program Files\Java\jre1.8.0_181\bin\api-ms-win-core-memory-l1-1-0.dll
0x0000000002c80000 - 0x0000000002c83000 	C:\Program Files\Java\jre1.8.0_181\bin\api-ms-win-core-namedpipe-l1-1-0.dll
0x0000000002c90000 - 0x0000000002c93000 	C:\Program Files\Java\jre1.8.0_181\bin\api-ms-win-core-processenvironment-l1-1-0.dll
0x0000000002ca0000 - 0x0000000002ca3000 	C:\Program Files\Java\jre1.8.0_181\bin\api-ms-win-core-processthreads-l1-1-0.dll
0x0000000002cb0000 - 0x0000000002cb3000 	C:\Program Files\Java\jre1.8.0_181\bin\api-ms-win-core-processthreads-l1-1-1.dll
0x0000000002cc0000 - 0x0000000002cc3000 	C:\Program Files\Java\jre1.8.0_181\bin\api-ms-win-core-profile-l1-1-0.dll
0x0000000002cd0000 - 0x0000000002cd3000 	C:\Program Files\Java\jre1.8.0_181\bin\api-ms-win-core-rtlsupport-l1-1-0.dll
0x0000000002ce0000 - 0x0000000002ce3000 	C:\Program Files\Java\jre1.8.0_181\bin\api-ms-win-core-string-l1-1-0.dll
0x0000000002cf0000 - 0x0000000002cf3000 	C:\Program Files\Java\jre1.8.0_181\bin\api-ms-win-core-synch-l1-1-0.dll
0x0000000002d00000 - 0x0000000002d03000 	C:\Program Files\Java\jre1.8.0_181\bin\api-ms-win-core-synch-l1-2-0.dll
0x0000000002d10000 - 0x0000000002d13000 	C:\Program Files\Java\jre1.8.0_181\bin\api-ms-win-core-sysinfo-l1-1-0.dll
0x0000000002d20000 - 0x0000000002d23000 	C:\Program Files\Java\jre1.8.0_181\bin\api-ms-win-core-timezone-l1-1-0.dll
0x0000000002d30000 - 0x0000000002d33000 	C:\Program Files\Java\jre1.8.0_181\bin\api-ms-win-core-util-l1-1-0.dll
0x0000000002d40000 - 0x0000000002d43000 	C:\Program Files\Java\jre1.8.0_181\bin\api-ms-win-crt-conio-l1-1-0.dll
0x0000000002d60000 - 0x0000000002d64000 	C:\Program Files\Java\jre1.8.0_181\bin\api-ms-win-crt-convert-l1-1-0.dll
0x0000000002d70000 - 0x0000000002d73000 	C:\Program Files\Java\jre1.8.0_181\bin\api-ms-win-crt-environment-l1-1-0.dll
0x0000000002d80000 - 0x0000000002d83000 	C:\Program Files\Java\jre1.8.0_181\bin\api-ms-win-crt-filesystem-l1-1-0.dll
0x0000000002d90000 - 0x0000000002d93000 	C:\Program Files\Java\jre1.8.0_181\bin\api-ms-win-crt-heap-l1-1-0.dll
0x0000000002da0000 - 0x0000000002da3000 	C:\Program Files\Java\jre1.8.0_181\bin\api-ms-win-crt-locale-l1-1-0.dll
0x0000000002db0000 - 0x0000000002db5000 	C:\Program Files\Java\jre1.8.0_181\bin\api-ms-win-crt-math-l1-1-0.dll
0x0000000002dc0000 - 0x0000000002dc5000 	C:\Program Files\Java\jre1.8.0_181\bin\api-ms-win-crt-multibyte-l1-1-0.dll
0x0000000002dd0000 - 0x0000000002de0000 	C:\Program Files\Java\jre1.8.0_181\bin\api-ms-win-crt-private-l1-1-0.dll
0x0000000002de0000 - 0x0000000002de3000 	C:\Program Files\Java\jre1.8.0_181\bin\api-ms-win-crt-process-l1-1-0.dll
0x0000000002df0000 - 0x0000000002df4000 	C:\Program Files\Java\jre1.8.0_181\bin\api-ms-win-crt-runtime-l1-1-0.dll
0x0000000002e00000 - 0x0000000002e04000 	C:\Program Files\Java\jre1.8.0_181\bin\api-ms-win-crt-stdio-l1-1-0.dll
0x000000001ae80000 - 0x000000001ae84000 	C:\Program Files\Java\jre1.8.0_181\bin\api-ms-win-crt-string-l1-1-0.dll
0x000000001ae90000 - 0x000000001ae93000 	C:\Program Files\Java\jre1.8.0_181\bin\api-ms-win-crt-time-l1-1-0.dll
0x000000001aea0000 - 0x000000001aea3000 	C:\Program Files\Java\jre1.8.0_181\bin\api-ms-win-crt-utility-l1-1-0.dll
0x00007ff8c67f0000 - 0x00007ff8c68e6000 	C:\Program Files\Java\jre1.8.0_181\bin\ucrtbase.dll
0x00007ff8ec6b0000 - 0x00007ff8ec6c6000 	C:\Program Files\Java\jre1.8.0_181\bin\vcruntime140.dll
0x00007ff8e8050000 - 0x00007ff8e80ec000 	C:\Program Files\Java\jre1.8.0_181\bin\msvcp140.dll
0x00007ff8ec650000 - 0x00007ff8ec6a1000 	C:\Program Files\Java\jre1.8.0_181\bin\concrt140.dll
0x0000000062630000 - 0x0000000062653000 	C:\Program Files\Java\jre1.8.0_181\bin\prism_d3d.dll
0x00007ff8b1250000 - 0x00007ff8b13d9000 	C:\Windows\system32\d3d9.dll
0x00007ff8f8eb0000 - 0x00007ff8f8eda000 	C:\Windows\SYSTEM32\dwmapi.dll
0x00007ff8f9160000 - 0x00007ff8f91f5000 	C:\Windows\system32\uxtheme.dll
0x00007ff8cea70000 - 0x00007ff8cec47000 	C:\Windows\System32\DriverStore\FileRepository\ki127171.inf_amd64_368f8c7337214025\igdumdim64.dll
0x00007ff8a30b0000 - 0x00007ff8a60ad000 	C:\Windows\System32\DriverStore\FileRepository\ki127171.inf_amd64_368f8c7337214025\igd9dxva64.dll
0x00007ff8fd0d0000 - 0x00007ff8fd215000 	C:\Windows\System32\ole32.dll
0x00007ff8fd220000 - 0x00007ff8fd2e0000 	C:\Windows\System32\OLEAUT32.dll
0x00000000625e0000 - 0x0000000062629000 	C:\Program Files\Java\jre1.8.0_181\bin\glass.dll
0x00007ff8fbfe0000 - 0x00007ff8fc0e8000 	C:\Windows\System32\COMDLG32.dll
0x00007ff8fc640000 - 0x00007ff8fc7a6000 	C:\Windows\System32\MSCTF.dll
0x00007ff8f09e0000 - 0x00007ff8f2775000 	C:\Windows\System32\DriverStore\FileRepository\ki127171.inf_amd64_368f8c7337214025\igc64.dll
0x00000000625c0000 - 0x00000000625d4000 	C:\Program Files\Java\jre1.8.0_181\bin\javafx_font.dll
0x00007ff8c86a0000 - 0x00007ff8c895f000 	C:\Windows\SYSTEM32\dwrite.dll
0x00007ff8fcc60000 - 0x00007ff8fccfe000 	C:\Windows\System32\clbcatq.dll
0x00007ff8f5de0000 - 0x00007ff8f5f8c000 	C:\Windows\SYSTEM32\WindowsCodecs.dll
0x00007ff8f8fe0000 - 0x00007ff8f9027000 	C:\Windows\system32\dataexchange.dll
0x00007ff8f7fc0000 - 0x00007ff8f829f000 	C:\Windows\system32\d3d11.dll
0x00007ff8f8940000 - 0x00007ff8f8a63000 	C:\Windows\system32\dcomp.dll
0x00007ff8f98a0000 - 0x00007ff8f9944000 	C:\Windows\system32\dxgi.dll
0x00007ff8f9440000 - 0x00007ff8f95b0000 	C:\Windows\system32\twinapi.appcore.dll
0x00007ff8fa810000 - 0x00007ff8fa835000 	C:\Windows\system32\bcrypt.dll
0x00007ff8e4db0000 - 0x00007ff8e4de1000 	C:\Program Files\Common Files\Microsoft Shared\Ink\rtscom.dll
0x00007ff8f51d0000 - 0x00007ff8f5251000 	C:\Windows\System32\TextInputFramework.dll
0x00007ff8f8850000 - 0x00007ff8f8934000 	C:\Windows\System32\CoreMessaging.dll
0x00007ff8f59d0000 - 0x00007ff8f5ca3000 	C:\Windows\System32\CoreUIComponents.dll
0x00007ff8f9ab0000 - 0x00007ff8f9ae1000 	C:\Windows\SYSTEM32\ntmarta.dll
0x00007ff8f7800000 - 0x00007ff8f7815000 	C:\Windows\SYSTEM32\usermgrcli.dll
0x00007ff8f67a0000 - 0x00007ff8f68d9000 	C:\Windows\SYSTEM32\wintypes.dll

VM Arguments:
jvm_args: -Dfile.encoding=Cp1252 
java_command: MainLeitorExcel
java_class_path (initial): C:\Program Files\Java\jre1.8.0_181\lib\resources.jar;C:\Program Files\Java\jre1.8.0_181\lib\rt.jar;C:\Program Files\Java\jre1.8.0_181\lib\jsse.jar;C:\Program Files\Java\jre1.8.0_181\lib\jce.jar;C:\Program Files\Java\jre1.8.0_181\lib\charsets.jar;C:\Program Files\Java\jre1.8.0_181\lib\jfr.jar;C:\Program Files\Java\jre1.8.0_181\lib\ext\access-bridge-64.jar;C:\Program Files\Java\jre1.8.0_181\lib\ext\cldrdata.jar;C:\Program Files\Java\jre1.8.0_181\lib\ext\dnsns.jar;C:\Program Files\Java\jre1.8.0_181\lib\ext\jaccess.jar;C:\Program Files\Java\jre1.8.0_181\lib\ext\jfxrt.jar;C:\Program Files\Java\jre1.8.0_181\lib\ext\localedata.jar;C:\Program Files\Java\jre1.8.0_181\lib\ext\nashorn.jar;C:\Program Files\Java\jre1.8.0_181\lib\ext\sunec.jar;C:\Program Files\Java\jre1.8.0_181\lib\ext\sunjce_provider.jar;C:\Program Files\Java\jre1.8.0_181\lib\ext\sunmscapi.jar;C:\Program Files\Java\jre1.8.0_181\lib\ext\sunpkcs11.jar;C:\Program Files\Java\jre1.8.0_181\lib\ext\zipfs.jar;C:\Users\fabricio.barrozo\eclipse-workspace\LeitorExcel2\target\classes;C:\Users\fabricio.barrozo\.m2\repository\net\sourceforge\jexcelapi\jxl\2.6.12\jxl-2.6.12.jar;C:\Users\fabricio.barrozo\.m2\repository\log4j\log4j\1.2.14\log4j-1.2.14.jar;C:\Users\fabricio.barrozo\.m2\repository\org\apache\poi\poi\3.11\poi-3.11.jar;C:\Users\fabricio.barrozo\.m2\repository\commons-codec\commons-codec\1.9\commons-codec-1.9.jar;C:\Users\fabricio.barrozo\.m2\repository\org\apache\poi\poi-ooxml\3.11\poi-ooxml-3.11.jar;C:\Users\fabricio.barrozo\.m2\repository\org\apache\poi\poi-ooxml-schemas\3.11\poi-ooxml-schemas-3.11.jar;C:\Users\fabricio.barrozo\.m2\repository\org\apache\xmlbeans\xmlbeans\2.6.0\xmlbeans-2.6.0.jar;C:\Users\fabricio.barrozo\.m2\repository\stax\stax-api\1.0.1\stax-api-1.0.1.jar
Launcher Type: SUN_STANDARD

Environment Variables:
PATH=C:/Program Files/Java/jre1.8.0_181/bin/server;C:/Program Files/Java/jre1.8.0_181/bin;C:/Program Files/Java/jre1.8.0_181/lib/amd64;C:\Program Files (x86)\Common Files\Oracle\Java\javapath;C:\ProgramData\Oracle\Java\javapath;C:\Program Files (x86)\Intel\iCLS Client\;C:\Program Files\Intel\iCLS Client\;C:\Windows\system32;C:\Windows;C:\Windows\System32\Wbem;C:\Windows\System32\WindowsPowerShell\v1.0\;C:\Program Files (x86)\Intel\Intel(R) Management Engine Components\DAL;C:\Program Files\Intel\Intel(R) Management Engine Components\DAL;C:\Program Files (x86)\Intel\Intel(R) Management Engine Components\IPT;C:\Program Files\Intel\Intel(R) Management Engine Components\IPT;C:\Program Files\Intel\WiFi\bin\;C:\Program Files\Common Files\Intel\WirelessCommon\;c:\Program Files\Microsoft SQL Server\110\Tools\Binn\;c:\Program Files (x86)\Microsoft SQL Server\110\Tools\Binn\ManagementStudio\;c:\Program Files (x86)\Microsoft SQL Server\110\Tools\Binn\;c:\Program Files (x86)\Microsoft SQL Server\110\DTS\Binn\;C:\Users\fabricio.barrozo\AppData\Local\Microsoft\WindowsApps;;C:\Windows\system32;
USERNAME=fabricio.barrozo
OS=Windows_NT
PROCESSOR_IDENTIFIER=Intel64 Family 6 Model 94 Stepping 3, GenuineIntel



---------------  S Y S T E M  ---------------

OS: Windows 10.0 , 64 bit Build 15063 (10.0.15063.1058)

CPU:total 4 (initial active 4) (4 cores per cpu, 1 threads per core) family 6 model 94 stepping 3, cmov, cx8, fxsr, mmx, sse, sse2, sse3, ssse3, sse4.1, sse4.2, popcnt, avx, avx2, aes, clmul, erms, rtm, 3dnowpref, lzcnt, tsc, tscinvbit, bmi1, bmi2, adx

Memory: 4k page, physical 8249056k(2661272k free), swap 10196704k(4396k free)

vm_info: Java HotSpot(TM) 64-Bit Server VM (25.181-b13) for windows-amd64 JRE (1.8.0_181-b13), built on Jul  7 2018 04:01:33 by "java_re" with MS VC++ 10.0 (VS2010)

time: Thu Sep 06 12:17:48 2018
elapsed time: 0 seconds (0d 0h 0m 0s)

